CRITICAL - 2021-02-23 12:02:53 --> Call to a member function getValue() on null
#0 C:\xampp\htdocs\Ci4Api\system\CodeIgniter.php(936): App\Controllers\User->userDetails()
#1 C:\xampp\htdocs\Ci4Api\system\CodeIgniter.php(432): CodeIgniter\CodeIgniter->runController(Object(App\Controllers\User))
#2 C:\xampp\htdocs\Ci4Api\system\CodeIgniter.php(333): CodeIgniter\CodeIgniter->handleRequest(NULL, Object(Config\Cache), false)
#3 C:\xampp\htdocs\Ci4Api\public\index.php(44): CodeIgniter\CodeIgniter->run()
#4 C:\xampp\htdocs\Ci4Api\system\Commands\Server\rewrite.php(45): require_once('C:\\xampp\\htdocs...')
#5 {main}
CRITICAL - 2021-02-23 12:07:19 --> Call to a member function getValue() on null
#0 C:\xampp\htdocs\Ci4Api\system\CodeIgniter.php(936): App\Controllers\User->userDetails()
#1 C:\xampp\htdocs\Ci4Api\system\CodeIgniter.php(432): CodeIgniter\CodeIgniter->runController(Object(App\Controllers\User))
#2 C:\xampp\htdocs\Ci4Api\system\CodeIgniter.php(333): CodeIgniter\CodeIgniter->handleRequest(NULL, Object(Config\Cache), false)
#3 C:\xampp\htdocs\Ci4Api\public\index.php(44): CodeIgniter\CodeIgniter->run()
#4 C:\xampp\htdocs\Ci4Api\system\Commands\Server\rewrite.php(45): require_once('C:\\xampp\\htdocs...')
#5 {main}
CRITICAL - 2021-02-23 12:40:09 --> Call to a member function findAll() on null
#0 C:\xampp\htdocs\Ci4Api\system\CodeIgniter.php(936): App\Controllers\User->userPosts()
#1 C:\xampp\htdocs\Ci4Api\system\CodeIgniter.php(432): CodeIgniter\CodeIgniter->runController(Object(App\Controllers\User))
#2 C:\xampp\htdocs\Ci4Api\system\CodeIgniter.php(333): CodeIgniter\CodeIgniter->handleRequest(NULL, Object(Config\Cache), false)
#3 C:\xampp\htdocs\Ci4Api\public\index.php(44): CodeIgniter\CodeIgniter->run()
#4 C:\xampp\htdocs\Ci4Api\system\Commands\Server\rewrite.php(45): require_once('C:\\xampp\\htdocs...')
#5 {main}
CRITICAL - 2021-02-23 12:40:45 --> Call to a member function getValue() on null
#0 C:\xampp\htdocs\Ci4Api\system\CodeIgniter.php(936): App\Controllers\User->userPosts()
#1 C:\xampp\htdocs\Ci4Api\system\CodeIgniter.php(432): CodeIgniter\CodeIgniter->runController(Object(App\Controllers\User))
#2 C:\xampp\htdocs\Ci4Api\system\CodeIgniter.php(333): CodeIgniter\CodeIgniter->handleRequest(NULL, Object(Config\Cache), false)
#3 C:\xampp\htdocs\Ci4Api\public\index.php(44): CodeIgniter\CodeIgniter->run()
#4 C:\xampp\htdocs\Ci4Api\system\Commands\Server\rewrite.php(45): require_once('C:\\xampp\\htdocs...')
#5 {main}
CRITICAL - 2021-02-23 12:41:12 --> Call to a member function findAll() on null
#0 C:\xampp\htdocs\Ci4Api\system\CodeIgniter.php(936): App\Controllers\User->userPosts()
#1 C:\xampp\htdocs\Ci4Api\system\CodeIgniter.php(432): CodeIgniter\CodeIgniter->runController(Object(App\Controllers\User))
#2 C:\xampp\htdocs\Ci4Api\system\CodeIgniter.php(333): CodeIgniter\CodeIgniter->handleRequest(NULL, Object(Config\Cache), false)
#3 C:\xampp\htdocs\Ci4Api\public\index.php(44): CodeIgniter\CodeIgniter->run()
#4 C:\xampp\htdocs\Ci4Api\system\Commands\Server\rewrite.php(45): require_once('C:\\xampp\\htdocs...')
#5 {main}
CRITICAL - 2021-02-23 12:41:31 --> Call to a member function findAll() on null
#0 C:\xampp\htdocs\Ci4Api\system\CodeIgniter.php(936): App\Controllers\User->userPosts()
#1 C:\xampp\htdocs\Ci4Api\system\CodeIgniter.php(432): CodeIgniter\CodeIgniter->runController(Object(App\Controllers\User))
#2 C:\xampp\htdocs\Ci4Api\system\CodeIgniter.php(333): CodeIgniter\CodeIgniter->handleRequest(NULL, Object(Config\Cache), false)
#3 C:\xampp\htdocs\Ci4Api\public\index.php(44): CodeIgniter\CodeIgniter->run()
#4 C:\xampp\htdocs\Ci4Api\system\Commands\Server\rewrite.php(45): require_once('C:\\xampp\\htdocs...')
#5 {main}
CRITICAL - 2021-02-23 12:42:34 --> Class 'App\Models\PostModel' not found
#0 C:\xampp\htdocs\Ci4Api\system\CodeIgniter.php(936): App\Controllers\User->userPosts()
#1 C:\xampp\htdocs\Ci4Api\system\CodeIgniter.php(432): CodeIgniter\CodeIgniter->runController(Object(App\Controllers\User))
#2 C:\xampp\htdocs\Ci4Api\system\CodeIgniter.php(333): CodeIgniter\CodeIgniter->handleRequest(NULL, Object(Config\Cache), false)
#3 C:\xampp\htdocs\Ci4Api\public\index.php(44): CodeIgniter\CodeIgniter->run()
#4 C:\xampp\htdocs\Ci4Api\system\Commands\Server\rewrite.php(45): require_once('C:\\xampp\\htdocs...')
#5 {main}
CRITICAL - 2021-02-23 12:42:35 --> Class 'App\Models\PostModel' not found
#0 C:\xampp\htdocs\Ci4Api\system\CodeIgniter.php(936): App\Controllers\User->userPosts()
#1 C:\xampp\htdocs\Ci4Api\system\CodeIgniter.php(432): CodeIgniter\CodeIgniter->runController(Object(App\Controllers\User))
#2 C:\xampp\htdocs\Ci4Api\system\CodeIgniter.php(333): CodeIgniter\CodeIgniter->handleRequest(NULL, Object(Config\Cache), false)
#3 C:\xampp\htdocs\Ci4Api\public\index.php(44): CodeIgniter\CodeIgniter->run()
#4 C:\xampp\htdocs\Ci4Api\system\Commands\Server\rewrite.php(45): require_once('C:\\xampp\\htdocs...')
#5 {main}
CRITICAL - 2021-02-23 12:42:38 --> Class 'App\Models\PostModel' not found
#0 C:\xampp\htdocs\Ci4Api\system\CodeIgniter.php(936): App\Controllers\User->userPosts()
#1 C:\xampp\htdocs\Ci4Api\system\CodeIgniter.php(432): CodeIgniter\CodeIgniter->runController(Object(App\Controllers\User))
#2 C:\xampp\htdocs\Ci4Api\system\CodeIgniter.php(333): CodeIgniter\CodeIgniter->handleRequest(NULL, Object(Config\Cache), false)
#3 C:\xampp\htdocs\Ci4Api\public\index.php(44): CodeIgniter\CodeIgniter->run()
#4 C:\xampp\htdocs\Ci4Api\system\Commands\Server\rewrite.php(45): require_once('C:\\xampp\\htdocs...')
#5 {main}
CRITICAL - 2021-02-23 12:43:09 --> Class 'App\Models\PostModel' not found
#0 C:\xampp\htdocs\Ci4Api\system\CodeIgniter.php(936): App\Controllers\User->userPosts()
#1 C:\xampp\htdocs\Ci4Api\system\CodeIgniter.php(432): CodeIgniter\CodeIgniter->runController(Object(App\Controllers\User))
#2 C:\xampp\htdocs\Ci4Api\system\CodeIgniter.php(333): CodeIgniter\CodeIgniter->handleRequest(NULL, Object(Config\Cache), false)
#3 C:\xampp\htdocs\Ci4Api\public\index.php(44): CodeIgniter\CodeIgniter->run()
#4 C:\xampp\htdocs\Ci4Api\system\Commands\Server\rewrite.php(45): require_once('C:\\xampp\\htdocs...')
#5 {main}
CRITICAL - 2021-02-23 12:43:15 --> Class 'App\Models\PostModel' not found
#0 C:\xampp\htdocs\Ci4Api\system\CodeIgniter.php(936): App\Controllers\User->userPosts()
#1 C:\xampp\htdocs\Ci4Api\system\CodeIgniter.php(432): CodeIgniter\CodeIgniter->runController(Object(App\Controllers\User))
#2 C:\xampp\htdocs\Ci4Api\system\CodeIgniter.php(333): CodeIgniter\CodeIgniter->handleRequest(NULL, Object(Config\Cache), false)
#3 C:\xampp\htdocs\Ci4Api\public\index.php(44): CodeIgniter\CodeIgniter->run()
#4 C:\xampp\htdocs\Ci4Api\system\Commands\Server\rewrite.php(45): require_once('C:\\xampp\\htdocs...')
#5 {main}
CRITICAL - 2021-02-23 12:43:18 --> Class 'App\Models\PostModel' not found
#0 C:\xampp\htdocs\Ci4Api\system\CodeIgniter.php(936): App\Controllers\User->userPosts()
#1 C:\xampp\htdocs\Ci4Api\system\CodeIgniter.php(432): CodeIgniter\CodeIgniter->runController(Object(App\Controllers\User))
#2 C:\xampp\htdocs\Ci4Api\system\CodeIgniter.php(333): CodeIgniter\CodeIgniter->handleRequest(NULL, Object(Config\Cache), false)
#3 C:\xampp\htdocs\Ci4Api\public\index.php(44): CodeIgniter\CodeIgniter->run()
#4 C:\xampp\htdocs\Ci4Api\system\Commands\Server\rewrite.php(45): require_once('C:\\xampp\\htdocs...')
#5 {main}
CRITICAL - 2021-02-23 12:44:02 --> Call to a member function getValue() on null
#0 C:\xampp\htdocs\Ci4Api\system\CodeIgniter.php(936): App\Controllers\User->userPosts()
#1 C:\xampp\htdocs\Ci4Api\system\CodeIgniter.php(432): CodeIgniter\CodeIgniter->runController(Object(App\Controllers\User))
#2 C:\xampp\htdocs\Ci4Api\system\CodeIgniter.php(333): CodeIgniter\CodeIgniter->handleRequest(NULL, Object(Config\Cache), false)
#3 C:\xampp\htdocs\Ci4Api\public\index.php(44): CodeIgniter\CodeIgniter->run()
#4 C:\xampp\htdocs\Ci4Api\system\Commands\Server\rewrite.php(45): require_once('C:\\xampp\\htdocs...')
#5 {main}
